  [4;36;1mSQL (0.1ms)[0m   [0;1mSET client_min_messages TO 'panic'[0m
  [4;35;1mSQL (0.1ms)[0m   [0mSET client_min_messages TO 'notice'[0m
  [4;36;1mSQL (3.9ms)[0m   [0;1mCREATE TABLE schema_migrations ("version" character varying(255) NOT NULL) [0m
  [4;35;1mSQL (8.3ms)[0m   [0mCREATE UNIQUE INDEX "unique_schema_migrations" ON "schema_migrations" ("version")[0m
  [4;36;1mSQL (0.2ms)[0m   [0;1mSELECT version FROM schema_migrations[0m
Migrating to Sites (20090830153533)
  [4;35;1mSQL (0.1ms)[0m   [0mBEGIN[0m
  [4;36;1mSQL (0.1ms)[0m   [0;1mROLLBACK[0m
  [4;36;1mSQL (0.1ms)[0m   [0;1mSET client_min_messages TO 'panic'[0m
  [4;35;1mSQL (0.1ms)[0m   [0mSET client_min_messages TO 'notice'[0m
  [4;36;1mSQL (0.3ms)[0m   [0;1mSELECT version FROM schema_migrations[0m
Migrating to Sites (20090830153533)
  [4;35;1mSQL (0.1ms)[0m   [0mBEGIN[0m
  [4;36;1mSQL (11.2ms)[0m   [0;1mROLLBACK[0m
  [4;36;1mSQL (0.1ms)[0m   [0;1mSET client_min_messages TO 'panic'[0m
  [4;35;1mSQL (0.1ms)[0m   [0mSET client_min_messages TO 'notice'[0m
  [4;36;1mSQL (0.3ms)[0m   [0;1mSELECT version FROM schema_migrations[0m
Migrating to Sites (20090830153533)
  [4;35;1mSQL (0.1ms)[0m   [0mBEGIN[0m
  [4;36;1mSQL (0.1ms)[0m   [0;1mROLLBACK[0m
  [4;36;1mSQL (0.1ms)[0m   [0;1mSET client_min_messages TO 'panic'[0m
  [4;35;1mSQL (0.1ms)[0m   [0mSET client_min_messages TO 'notice'[0m
  [4;36;1mSQL (0.4ms)[0m   [0;1mSELECT version FROM schema_migrations[0m
Migrating to Sites (20090830153533)
  [4;35;1mSQL (0.1ms)[0m   [0mBEGIN[0m
  [4;36;1mSQL (0.2ms)[0m   [0;1mROLLBACK[0m
  [4;36;1mSQL (0.1ms)[0m   [0;1mSET client_min_messages TO 'panic'[0m
  [4;35;1mSQL (0.1ms)[0m   [0mSET client_min_messages TO 'notice'[0m
  [4;36;1mSQL (0.3ms)[0m   [0;1mSELECT version FROM schema_migrations[0m
Migrating to Sites (20090830153533)
  [4;35;1mSQL (0.1ms)[0m   [0mBEGIN[0m
  [4;36;1mSQL (0.1ms)[0m   [0;1mROLLBACK[0m
  [4;36;1mSQL (0.1ms)[0m   [0;1mSET client_min_messages TO 'panic'[0m
  [4;35;1mSQL (0.1ms)[0m   [0mSET client_min_messages TO 'notice'[0m
  [4;36;1mSQL (0.7ms)[0m   [0;1mSELECT version FROM schema_migrations[0m
Migrating to Sites (20090830153533)
  [4;35;1mSQL (0.1ms)[0m   [0mBEGIN[0m
  [4;36;1mSQL (132.5ms)[0m   [0;1mCREATE TABLE sites ("id" serial primary key, "name" character varying(255) NOT NULL, "description" text, "created_at" timestamp, "updated_at" timestamp) [0m
  [4;35;1mSQL (0.0ms)[0m   [0mPGError: ERROR: function addgeometrycolumn(unknown, unknown, integer, unknown, integer) does not exist
LINE 1: SELECT AddGeometryColumn('sites','geom',4326,'POINT',3)
 ^
HINT: No function matches the given name and argument types. You might need to add explicit type casts.
: SELECT AddGeometryColumn('sites','geom',4326,'POINT',3)[0m
  [4;36;1mSQL (0.1ms)[0m   [0;1mROLLBACK[0m
  [4;36;1mSQL (0.1ms)[0m   [0;1mSET client_min_messages TO 'panic'[0m
  [4;35;1mSQL (0.1ms)[0m   [0mSET client_min_messages TO 'notice'[0m
  [4;36;1mSQL (0.3ms)[0m   [0;1mSELECT version FROM schema_migrations[0m
Migrating to Sites (20090830153533)
  [4;35;1mSQL (0.1ms)[0m   [0mBEGIN[0m
  [4;36;1mSQL (7.5ms)[0m   [0;1mCREATE TABLE sites ("id" serial primary key, "name" character varying(255) NOT NULL, "description" text, "created_at" timestamp, "updated_at" timestamp) [0m
  [4;35;1mSQL (0.0ms)[0m   [0mPGError: ERROR: function addgeometrycolumn(unknown, unknown, integer, unknown, integer) does not exist
LINE 1: SELECT AddGeometryColumn('sites','geom',4326,'POINT',3)
 ^
HINT: No function matches the given name and argument types. You might need to add explicit type casts.
: SELECT AddGeometryColumn('sites','geom',4326,'POINT',3)[0m
  [4;36;1mSQL (0.1ms)[0m   [0;1mROLLBACK[0m
  [4;36;1mSQL (0.1ms)[0m   [0;1mSET client_min_messages TO 'panic'[0m
  [4;35;1mSQL (0.1ms)[0m   [0mSET client_min_messages TO 'notice'[0m
  [4;36;1mSQL (0.3ms)[0m   [0;1mSELECT version FROM schema_migrations[0m
Migrating to Sites (20090830153533)
  [4;35;1mSQL (0.1ms)[0m   [0mBEGIN[0m
  [4;36;1mSQL (7.3ms)[0m   [0;1mCREATE TABLE sites ("id" serial primary key, "name" character varying(255) NOT NULL, "description" text, "created_at" timestamp, "updated_at" timestamp) [0m
  [4;35;1mSQL (0.0ms)[0m   [0mPGError: ERROR: function addgeometrycolumn(unknown, unknown, integer, unknown, integer) does not exist
LINE 1: SELECT AddGeometryColumn('sites','geom',4326,'POINT',3)
 ^
HINT: No function matches the given name and argument types. You might need to add explicit type casts.
: SELECT AddGeometryColumn('sites','geom',4326,'POINT',3)[0m
  [4;36;1mSQL (0.1ms)[0m   [0;1mROLLBACK[0m
  [4;36;1mSQL (0.1ms)[0m   [0;1mSET client_min_messages TO 'panic'[0m
  [4;35;1mSQL (0.1ms)[0m   [0mSET client_min_messages TO 'notice'[0m
  [4;36;1mSQL (58.5ms)[0m   [0;1mCREATE TABLE schema_migrations ("version" character varying(255) NOT NULL) [0m
  [4;35;1mSQL (2.6ms)[0m   [0mCREATE UNIQUE INDEX "unique_schema_migrations" ON "schema_migrations" ("version")[0m
  [4;36;1mSQL (0.3ms)[0m   [0;1mSELECT version FROM schema_migrations[0m
Migrating to Sites (20090830153533)
  [4;35;1mSQL (0.1ms)[0m   [0mBEGIN[0m
  [4;36;1mSQL (7.3ms)[0m   [0;1mCREATE TABLE sites ("id" serial primary key, "name" character varying(255) NOT NULL, "description" text, "created_at" timestamp, "updated_at" timestamp) [0m
  [4;35;1mSQL (43.4ms)[0m   [0mSELECT AddGeometryColumn('sites','geom',4326,'POINT',3)[0m
  [4;36;1mSQL (0.6ms)[0m   [0;1mINSERT INTO schema_migrations (version) VALUES ('20090830153533')[0m
  [4;35;1mSQL (1.4ms)[0m   [0mCOMMIT[0m
Migrating to AddIndexToSites (20090830170844)
  [4;36;1mSQL (0.8ms)[0m   [0;1mBEGIN[0m
  [4;35;1mSQL (14.5ms)[0m   [0mCREATE INDEX index_sites_on_geom ON sites USING GIST (geom GIST_GEOMETRY_OPS)[0m
  [4;36;1mSQL (1.5ms)[0m   [0;1mCREATE INDEX "index_sites_on_name" ON "sites" ("name")[0m
  [4;35;1mSQL (0.2ms)[0m   [0mINSERT INTO schema_migrations (version) VALUES ('20090830170844')[0m
  [4;36;1mSQL (0.6ms)[0m   [0;1mCOMMIT[0m
  [4;35;1mSQL (0.5ms)[0m   [0mSELECT version FROM schema_migrations[0m
  [4;36;1mSQL (0.1ms)[0m   [0;1mSET client_min_messages TO 'panic'[0m
  [4;35;1mSQL (0.1ms)[0m   [0mSET client_min_messages TO 'notice'[0m
  [4;36;1mSQL (0.4ms)[0m   [0;1mSELECT version FROM schema_migrations[0m
Migrating to Sites (20090830153533)
Migrating to AddIndexToSites (20090830170844)
  [4;35;1mSQL (0.1ms)[0m   [0mSELECT version FROM schema_migrations[0m
  [4;36;1mSQL (0.1ms)[0m   [0;1mSET client_min_messages TO 'panic'[0m
  [4;35;1mSQL (0.1ms)[0m   [0mSET client_min_messages TO 'notice'[0m
  [4;36;1mSQL (4.1ms)[0m   [0;1mCREATE TABLE schema_migrations ("version" character varying(255) NOT NULL) [0m
  [4;35;1mSQL (2.9ms)[0m   [0mCREATE UNIQUE INDEX "unique_schema_migrations" ON "schema_migrations" ("version")[0m
  [4;36;1mSQL (0.3ms)[0m   [0;1mSELECT version FROM schema_migrations[0m
Migrating to Sites (20090830153533)
  [4;35;1mSQL (0.1ms)[0m   [0mBEGIN[0m
  [4;36;1mSQL (6.0ms)[0m   [0;1mCREATE TABLE sites ("id" serial primary key, "name" character varying(255) NOT NULL, "description" text, "created_at" timestamp, "updated_at" timestamp) [0m
  [4;35;1mSQL (7.6ms)[0m   [0mSELECT AddGeometryColumn('sites','geom',4326,'POINT',3)[0m
  [4;36;1mSQL (0.4ms)[0m   [0;1mINSERT INTO schema_migrations (version) VALUES ('20090830153533')[0m
  [4;35;1mSQL (1.2ms)[0m   [0mCOMMIT[0m
Migrating to AddIndexToSites (20090830170844)
  [4;36;1mSQL (0.6ms)[0m   [0;1mBEGIN[0m
  [4;35;1mSQL (6.6ms)[0m   [0mCREATE INDEX index_sites_on_geom ON sites USING GIST (geom GIST_GEOMETRY_OPS)[0m
  [4;36;1mSQL (1.5ms)[0m   [0;1mCREATE INDEX "index_sites_on_name" ON "sites" ("name")[0m
  [4;35;1mSQL (0.2ms)[0m   [0mINSERT INTO schema_migrations (version) VALUES ('20090830170844')[0m
  [4;36;1mSQL (0.6ms)[0m   [0;1mCOMMIT[0m
  [4;35;1mSQL (0.1ms)[0m   [0mSELECT version FROM schema_migrations[0m
  [4;36;1mSQL (0.1ms)[0m   [0;1mSET client_min_messages TO 'panic'[0m
  [4;35;1mSQL (0.1ms)[0m   [0mSET client_min_messages TO 'notice'[0m


Processing ApplicationController#index (for 127.0.0.1 at 2009-08-30 17:47:11) [GET]

ActionController::RoutingError (No route matches "/site" with {:method=>:get}):
  

Rendering rescues/layout (not_found)
  [4;36;1mSQL (0.1ms)[0m   [0;1mSET client_min_messages TO 'panic'[0m
  [4;35;1mSQL (0.1ms)[0m   [0mSET client_min_messages TO 'notice'[0m


Processing ApplicationController#index (for 127.0.0.1 at 2009-08-30 18:07:15) [GET]

ActionController::RoutingError (No route matches "/site" with {:method=>:get}):
  

Rendering rescues/layout (not_found)
  [4;36;1mSQL (0.1ms)[0m   [0;1mSET client_min_messages TO 'panic'[0m
  [4;35;1mSQL (0.1ms)[0m   [0mSET client_min_messages TO 'notice'[0m


Processing ApplicationController#index (for 127.0.0.1 at 2009-08-30 18:07:20) [GET]

SyntaxError (/Users/wsg4w/projects/deca/app/controllers/sites_controller.rb:34: syntax error, unexpected tASSOC, expecting kEND
      flash[:notice] => 'Site was successfully created'
                       ^):
  

Rendered rescues/_trace (26.3ms)
Rendered rescues/_request_and_response (1.3ms)
Rendering rescues/layout (internal_server_error)
  [4;36;1mSQL (0.1ms)[0m   [0;1mSET client_min_messages TO 'panic'[0m
  [4;35;1mSQL (0.1ms)[0m   [0mSET client_min_messages TO 'notice'[0m


Processing SitesController#index (for 127.0.0.1 at 2009-08-30 18:09:23) [GET]

NameError (uninitialized constant SitesController::Site):
  app/controllers/sites_controller.rb:5:in `index'

Rendered rescues/_trace (26.6ms)
Rendered rescues/_request_and_response (0.3ms)
Rendering rescues/layout (internal_server_error)
  [4;36;1mSQL (0.3ms)[0m   [0;1mSET client_min_messages TO 'panic'[0m
  [4;35;1mSQL (0.1ms)[0m   [0mSET client_min_messages TO 'notice'[0m


Processing SitesController#index (for 127.0.0.1 at 2009-08-30 18:23:05) [GET]
  [4;36;1mSite Load (1.7ms)[0m   [0;1mSELECT * FROM "sites" [0m
Rendering sites/index

ActionView::TemplateError (undefined local variable or method `new_site_path' for #<ActionView::Base:0x23ba928>) on line #21 of app/views/sites/index.html.erb:
18: </table>
19: 
20: <br/>
21: <%= link_to 'New Site', new_site_path %>

    app/views/sites/index.html.erb:21
    app/controllers/sites_controller.rb:7:in `index'

Rendered rescues/_trace (96.5ms)
Rendered rescues/_request_and_response (0.2ms)
Rendering rescues/layout (internal_server_error)
  [4;35;1mSQL (0.1ms)[0m   [0mSET client_min_messages TO 'panic'[0m
  [4;36;1mSQL (0.1ms)[0m   [0;1mSET client_min_messages TO 'notice'[0m


Processing SitesController#index (for 127.0.0.1 at 2009-08-30 18:23:56) [GET]
  [4;35;1mSite Load (1.6ms)[0m   [0mSELECT * FROM "sites" [0m
Rendering sites/index
Completed in 6ms (View: 1, DB: 2) | 200 OK [http://localhost/sites]
  [4;36;1mSQL (0.1ms)[0m   [0;1mSET client_min_messages TO 'panic'[0m
  [4;35;1mSQL (0.1ms)[0m   [0mSET client_min_messages TO 'notice'[0m


Processing SitesController#new (for 127.0.0.1 at 2009-08-30 18:23:58) [GET]
Rendering sites/new
Rendered sites/_form (3.5ms)
Completed in 17ms (View: 8, DB: 0) | 200 OK [http://localhost/sites/new]
  [4;36;1mSQL (1.0ms)[0m   [0;1mSET client_min_messages TO 'panic'[0m
  [4;35;1mSQL (0.1ms)[0m   [0mSET client_min_messages TO 'notice'[0m


Processing SitesController#new (for 127.0.0.1 at 2009-08-30 18:25:41) [GET]

NoMethodError (undefined method `validates_presense_of' for #<Class:0x2493840>):
  app/models/site.rb:2
  app/controllers/sites_controller.rb:27:in `new'

Rendered rescues/_trace (29.8ms)
Rendered rescues/_request_and_response (0.3ms)
Rendering rescues/layout (internal_server_error)
  [4;36;1mSQL (0.1ms)[0m   [0;1mSET client_min_messages TO 'panic'[0m
  [4;35;1mSQL (0.1ms)[0m   [0mSET client_min_messages TO 'notice'[0m


Processing SitesController#new (for 127.0.0.1 at 2009-08-30 18:26:36) [GET]
Rendering sites/new
Rendered sites/_form (2.2ms)
Completed in 11ms (View: 3, DB: 0) | 200 OK [http://localhost/sites/new]
  [4;36;1mSQL (0.3ms)[0m   [0;1mSET client_min_messages TO 'panic'[0m
  [4;35;1mSQL (0.1ms)[0m   [0mSET client_min_messages TO 'notice'[0m


Processing SitesController#create (for 127.0.0.1 at 2009-08-30 18:26:39) [POST]
  Parameters: {"commit"=>"Update", "authenticity_token"=>"eb0Q7NlYJ0XqzVB4gbNS3dFBjoT/RE1mxKZ39jlrkas=", "site"=>{"name"=>"", "description"=>"", "geom"=>""}}
  [4;36;1mSQL (0.1ms)[0m   [0;1mBEGIN[0m
  [4;35;1mSQL (0.1ms)[0m   [0mROLLBACK[0m
Rendering sites/new
Rendered sites/_form (1.6ms)
Completed in 15ms (View: 2, DB: 1) | 200 OK [http://localhost/sites]
  [4;36;1mSQL (0.1ms)[0m   [0;1mSET client_min_messages TO 'panic'[0m
  [4;35;1mSQL (0.1ms)[0m   [0mSET client_min_messages TO 'notice'[0m


Processing ApplicationController#index (for 127.0.0.1 at 2009-08-30 18:39:05) [GET]

ActionController::RoutingError (No route matches "/maps" with {:method=>:get}):
  

Rendering rescues/layout (not_found)
  [4;36;1mSQL (0.1ms)[0m   [0;1mSET client_min_messages TO 'panic'[0m
  [4;35;1mSQL (0.2ms)[0m   [0mSET client_min_messages TO 'notice'[0m


Processing MapController#index (for 127.0.0.1 at 2009-08-30 18:39:09) [GET]
Rendering template within layouts/application
Rendering map/index
Completed in 10ms (View: 8, DB: 0) | 200 OK [http://localhost/map]
  [4;36;1mSQL (0.1ms)[0m   [0;1mSET client_min_messages TO 'panic'[0m
  [4;35;1mSQL (0.1ms)[0m   [0mSET client_min_messages TO 'notice'[0m


Processing MapController#index (for 127.0.0.1 at 2009-08-30 18:40:26) [GET]
Rendering template within layouts/application
Rendering map/index
Completed in 5ms (View: 3, DB: 0) | 200 OK [http://localhost/map]
